<?xml version="1.0" encoding="UTF-8"?>
<testsuite xmlns:xsi="http://www.w3.org/2001/XMLSchema-instance" xsi:noNamespaceSchemaLocation="https://maven.apache.org/surefire/maven-surefire-plugin/xsd/surefire-test-report.xsd" name="com.proyecto.demo.AppTest" time="0.089" tests="1" errors="0" skipped="0" failures="0">
  <properties>
    <property name="sun.desktop" value="gnome"/>
    <property name="awt.toolkit" value="sun.awt.X11.XToolkit"/>
    <property name="file.encoding.pkg" value="sun.io"/>
    <property name="java.specification.version" value="1.8"/>
    <property name="sun.cpu.isalist" value=""/>
    <property name="sun.jnu.encoding" value="UTF-8"/>
    <property name="java.class.path" value="/home/asier/Desktop/FINAL/RTT Estático/brokerMQTT/proxy/target/test-classes:/home/asier/Desktop/FINAL/RTT Estático/brokerMQTT/proxy/target/classes:/home/asier/.m2/repository/org/codehaus/mojo/exec-maven-plugin/3.0.0/exec-maven-plugin-3.0.0.jar:/home/asier/.m2/repository/org/apache/maven/maven-model/3.0/maven-model-3.0.jar:/home/asier/.m2/repository/org/apache/maven/maven-artifact/3.0/maven-artifact-3.0.jar:/home/asier/.m2/repository/org/apache/maven/maven-core/3.0/maven-core-3.0.jar:/home/asier/.m2/repository/org/apache/maven/maven-settings/3.0/maven-settings-3.0.jar:/home/asier/.m2/repository/org/apache/maven/maven-settings-builder/3.0/maven-settings-builder-3.0.jar:/home/asier/.m2/repository/org/apache/maven/maven-repository-metadata/3.0/maven-repository-metadata-3.0.jar:/home/asier/.m2/repository/org/apache/maven/maven-model-builder/3.0/maven-model-builder-3.0.jar:/home/asier/.m2/repository/org/apache/maven/maven-aether-provider/3.0/maven-aether-provider-3.0.jar:/home/asier/.m2/repository/org/sonatype/aether/aether-impl/1.7/aether-impl-1.7.jar:/home/asier/.m2/repository/org/sonatype/aether/aether-spi/1.7/aether-spi-1.7.jar:/home/asier/.m2/repository/org/sonatype/aether/aether-api/1.7/aether-api-1.7.jar:/home/asier/.m2/repository/org/sonatype/aether/aether-util/1.7/aether-util-1.7.jar:/home/asier/.m2/repository/org/sonatype/sisu/sisu-inject-plexus/1.4.2/sisu-inject-plexus-1.4.2.jar:/home/asier/.m2/repository/org/sonatype/sisu/sisu-inject-bean/1.4.2/sisu-inject-bean-1.4.2.jar:/home/asier/.m2/repository/org/sonatype/sisu/sisu-guice/2.1.7/sisu-guice-2.1.7-noaop.jar:/home/asier/.m2/repository/org/codehaus/plexus/plexus-interpolation/1.14/plexus-interpolation-1.14.jar:/home/asier/.m2/repository/org/codehaus/plexus/plexus-classworlds/2.2.3/plexus-classworlds-2.2.3.jar:/home/asier/.m2/repository/org/codehaus/plexus/plexus-component-annotations/1.5.5/plexus-component-annotations-1.5.5.jar:/home/asier/.m2/repository/org/sonatype/plexus/plexus-sec-dispatcher/1.3/plexus-sec-dispatcher-1.3.jar:/home/asier/.m2/repository/org/sonatype/plexus/plexus-cipher/1.4/plexus-cipher-1.4.jar:/home/asier/.m2/repository/org/apache/maven/maven-plugin-api/3.0/maven-plugin-api-3.0.jar:/home/asier/.m2/repository/org/codehaus/plexus/plexus-utils/3.0.20/plexus-utils-3.0.20.jar:/home/asier/.m2/repository/org/apache/commons/commons-exec/1.3/commons-exec-1.3.jar:/home/asier/.m2/repository/org/apache/maven/shared/maven-artifact-transfer/0.10.1/maven-artifact-transfer-0.10.1.jar:/home/asier/.m2/repository/org/apache/maven/shared/maven-common-artifact-filters/3.0.1/maven-common-artifact-filters-3.0.1.jar:/home/asier/.m2/repository/org/apache/maven/shared/maven-shared-utils/3.1.0/maven-shared-utils-3.1.0.jar:/home/asier/.m2/repository/commons-io/commons-io/2.5/commons-io-2.5.jar:/home/asier/.m2/repository/junit/junit/4.11/junit-4.11.jar:/home/asier/.m2/repository/org/hamcrest/hamcrest-core/1.3/hamcrest-core-1.3.jar:/home/asier/.m2/repository/io/moquette/moquette-broker/0.9/moquette-broker-0.9.jar:/home/asier/.m2/repository/io/moquette/moquette-netty-parser/0.9/moquette-netty-parser-0.9.jar:/home/asier/.m2/repository/org/slf4j/slf4j-api/1.7.5/slf4j-api-1.7.5.jar:/home/asier/.m2/repository/io/netty/netty-common/4.1.6.Final/netty-common-4.1.6.Final.jar:/home/asier/.m2/repository/io/netty/netty-buffer/4.1.6.Final/netty-buffer-4.1.6.Final.jar:/home/asier/.m2/repository/io/netty/netty-transport/4.1.6.Final/netty-transport-4.1.6.Final.jar:/home/asier/.m2/repository/io/netty/netty-resolver/4.1.6.Final/netty-resolver-4.1.6.Final.jar:/home/asier/.m2/repository/io/netty/netty-handler/4.1.6.Final/netty-handler-4.1.6.Final.jar:/home/asier/.m2/repository/io/netty/netty-codec/4.1.6.Final/netty-codec-4.1.6.Final.jar:/home/asier/.m2/repository/io/netty/netty-codec-http/4.1.6.Final/netty-codec-http-4.1.6.Final.jar:/home/asier/.m2/repository/commons-codec/commons-codec/1.10/commons-codec-1.10.jar:/home/asier/.m2/repository/org/mapdb/mapdb/1.0.8/mapdb-1.0.8.jar:/home/asier/.m2/repository/org/hdrhistogram/HdrHistogram/2.1.4/HdrHistogram-2.1.4.jar:/home/asier/.m2/repository/com/hazelcast/hazelcast/3.5.4/hazelcast-3.5.4.jar:/home/asier/.m2/repository/org/eclipse/paho/org.eclipse.paho.client.mqttv3/1.0.2/org.eclipse.paho.client.mqttv3-1.0.2.jar:/home/asier/.m2/repository/com/proyecto/proxy-core/1.0-SNAPSHOT/proxy-core-1.0-SNAPSHOT.jar:/home/asier/.m2/repository/org/eclipse/californium/scandium/1.0.6/scandium-1.0.6.jar:/home/asier/.m2/repository/io/netty/netty-all/4.1.50.Final/netty-all-4.1.50.Final.jar:/home/asier/.m2/repository/org/eclipse/californium/element-connector/1.1.0-SNAPSHOT/element-connector-1.1.0-SNAPSHOT.jar:"/>
    <property name="java.vm.vendor" value="Private Build"/>
    <property name="sun.arch.data.model" value="32"/>
    <property name="java.vendor.url" value="http://java.oracle.com/"/>
    <property name="user.timezone" value=""/>
    <property name="java.vm.specification.version" value="1.8"/>
    <property name="os.name" value="Linux"/>
    <property name="user.country" value="US"/>
    <property name="sun.java.launcher" value="SUN_STANDARD"/>
    <property name="sun.boot.library.path" value="/usr/lib/jvm/java-8-openjdk-i386/jre/lib/i386"/>
    <property name="sun.java.command" value="/home/asier/Desktop/FINAL/RTT Estático/brokerMQTT/proxy/target/surefire/surefirebooter2367423076876353923.jar /home/asier/Desktop/FINAL/RTT Estático/brokerMQTT/proxy/target/surefire 2021-09-17T08-54-28_480-jvmRun1 surefire4008360626255200068tmp surefire_07909617790609417354tmp"/>
    <property name="surefire.test.class.path" value="/home/asier/Desktop/FINAL/RTT Estático/brokerMQTT/proxy/target/test-classes:/home/asier/Desktop/FINAL/RTT Estático/brokerMQTT/proxy/target/classes:/home/asier/.m2/repository/org/codehaus/mojo/exec-maven-plugin/3.0.0/exec-maven-plugin-3.0.0.jar:/home/asier/.m2/repository/org/apache/maven/maven-model/3.0/maven-model-3.0.jar:/home/asier/.m2/repository/org/apache/maven/maven-artifact/3.0/maven-artifact-3.0.jar:/home/asier/.m2/repository/org/apache/maven/maven-core/3.0/maven-core-3.0.jar:/home/asier/.m2/repository/org/apache/maven/maven-settings/3.0/maven-settings-3.0.jar:/home/asier/.m2/repository/org/apache/maven/maven-settings-builder/3.0/maven-settings-builder-3.0.jar:/home/asier/.m2/repository/org/apache/maven/maven-repository-metadata/3.0/maven-repository-metadata-3.0.jar:/home/asier/.m2/repository/org/apache/maven/maven-model-builder/3.0/maven-model-builder-3.0.jar:/home/asier/.m2/repository/org/apache/maven/maven-aether-provider/3.0/maven-aether-provider-3.0.jar:/home/asier/.m2/repository/org/sonatype/aether/aether-impl/1.7/aether-impl-1.7.jar:/home/asier/.m2/repository/org/sonatype/aether/aether-spi/1.7/aether-spi-1.7.jar:/home/asier/.m2/repository/org/sonatype/aether/aether-api/1.7/aether-api-1.7.jar:/home/asier/.m2/repository/org/sonatype/aether/aether-util/1.7/aether-util-1.7.jar:/home/asier/.m2/repository/org/sonatype/sisu/sisu-inject-plexus/1.4.2/sisu-inject-plexus-1.4.2.jar:/home/asier/.m2/repository/org/sonatype/sisu/sisu-inject-bean/1.4.2/sisu-inject-bean-1.4.2.jar:/home/asier/.m2/repository/org/sonatype/sisu/sisu-guice/2.1.7/sisu-guice-2.1.7-noaop.jar:/home/asier/.m2/repository/org/codehaus/plexus/plexus-interpolation/1.14/plexus-interpolation-1.14.jar:/home/asier/.m2/repository/org/codehaus/plexus/plexus-classworlds/2.2.3/plexus-classworlds-2.2.3.jar:/home/asier/.m2/repository/org/codehaus/plexus/plexus-component-annotations/1.5.5/plexus-component-annotations-1.5.5.jar:/home/asier/.m2/repository/org/sonatype/plexus/plexus-sec-dispatcher/1.3/plexus-sec-dispatcher-1.3.jar:/home/asier/.m2/repository/org/sonatype/plexus/plexus-cipher/1.4/plexus-cipher-1.4.jar:/home/asier/.m2/repository/org/apache/maven/maven-plugin-api/3.0/maven-plugin-api-3.0.jar:/home/asier/.m2/repository/org/codehaus/plexus/plexus-utils/3.0.20/plexus-utils-3.0.20.jar:/home/asier/.m2/repository/org/apache/commons/commons-exec/1.3/commons-exec-1.3.jar:/home/asier/.m2/repository/org/apache/maven/shared/maven-artifact-transfer/0.10.1/maven-artifact-transfer-0.10.1.jar:/home/asier/.m2/repository/org/apache/maven/shared/maven-common-artifact-filters/3.0.1/maven-common-artifact-filters-3.0.1.jar:/home/asier/.m2/repository/org/apache/maven/shared/maven-shared-utils/3.1.0/maven-shared-utils-3.1.0.jar:/home/asier/.m2/repository/commons-io/commons-io/2.5/commons-io-2.5.jar:/home/asier/.m2/repository/junit/junit/4.11/junit-4.11.jar:/home/asier/.m2/repository/org/hamcrest/hamcrest-core/1.3/hamcrest-core-1.3.jar:/home/asier/.m2/repository/io/moquette/moquette-broker/0.9/moquette-broker-0.9.jar:/home/asier/.m2/repository/io/moquette/moquette-netty-parser/0.9/moquette-netty-parser-0.9.jar:/home/asier/.m2/repository/org/slf4j/slf4j-api/1.7.5/slf4j-api-1.7.5.jar:/home/asier/.m2/repository/io/netty/netty-common/4.1.6.Final/netty-common-4.1.6.Final.jar:/home/asier/.m2/repository/io/netty/netty-buffer/4.1.6.Final/netty-buffer-4.1.6.Final.jar:/home/asier/.m2/repository/io/netty/netty-transport/4.1.6.Final/netty-transport-4.1.6.Final.jar:/home/asier/.m2/repository/io/netty/netty-resolver/4.1.6.Final/netty-resolver-4.1.6.Final.jar:/home/asier/.m2/repository/io/netty/netty-handler/4.1.6.Final/netty-handler-4.1.6.Final.jar:/home/asier/.m2/repository/io/netty/netty-codec/4.1.6.Final/netty-codec-4.1.6.Final.jar:/home/asier/.m2/repository/io/netty/netty-codec-http/4.1.6.Final/netty-codec-http-4.1.6.Final.jar:/home/asier/.m2/repository/commons-codec/commons-codec/1.10/commons-codec-1.10.jar:/home/asier/.m2/repository/org/mapdb/mapdb/1.0.8/mapdb-1.0.8.jar:/home/asier/.m2/repository/org/hdrhistogram/HdrHistogram/2.1.4/HdrHistogram-2.1.4.jar:/home/asier/.m2/repository/com/hazelcast/hazelcast/3.5.4/hazelcast-3.5.4.jar:/home/asier/.m2/repository/org/eclipse/paho/org.eclipse.paho.client.mqttv3/1.0.2/org.eclipse.paho.client.mqttv3-1.0.2.jar:/home/asier/.m2/repository/com/proyecto/proxy-core/1.0-SNAPSHOT/proxy-core-1.0-SNAPSHOT.jar:/home/asier/.m2/repository/org/eclipse/californium/scandium/1.0.6/scandium-1.0.6.jar:/home/asier/.m2/repository/io/netty/netty-all/4.1.50.Final/netty-all-4.1.50.Final.jar:/home/asier/.m2/repository/org/eclipse/californium/element-connector/1.1.0-SNAPSHOT/element-connector-1.1.0-SNAPSHOT.jar:"/>
    <property name="sun.cpu.endian" value="little"/>
    <property name="user.home" value="/home/asier"/>
    <property name="user.language" value="en"/>
    <property name="java.specification.vendor" value="Oracle Corporation"/>
    <property name="java.home" value="/usr/lib/jvm/java-8-openjdk-i386/jre"/>
    <property name="basedir" value="/home/asier/Desktop/FINAL/RTT Estático/brokerMQTT/proxy"/>
    <property name="file.separator" value="/"/>
    <property name="line.separator" value="&#10;"/>
    <property name="java.vm.specification.vendor" value="Oracle Corporation"/>
    <property name="java.specification.name" value="Java Platform API Specification"/>
    <property name="java.awt.graphicsenv" value="sun.awt.X11GraphicsEnvironment"/>
    <property name="surefire.real.class.path" value="/home/asier/Desktop/FINAL/RTT Estático/brokerMQTT/proxy/target/surefire/surefirebooter2367423076876353923.jar"/>
    <property name="sun.boot.class.path" value="/usr/lib/jvm/java-8-openjdk-i386/jre/lib/resources.jar:/usr/lib/jvm/java-8-openjdk-i386/jre/lib/rt.jar:/usr/lib/jvm/java-8-openjdk-i386/jre/lib/sunrsasign.jar:/usr/lib/jvm/java-8-openjdk-i386/jre/lib/jsse.jar:/usr/lib/jvm/java-8-openjdk-i386/jre/lib/jce.jar:/usr/lib/jvm/java-8-openjdk-i386/jre/lib/charsets.jar:/usr/lib/jvm/java-8-openjdk-i386/jre/lib/jfr.jar:/usr/lib/jvm/java-8-openjdk-i386/jre/classes"/>
    <property name="sun.management.compiler" value="HotSpot Tiered Compilers"/>
    <property name="java.runtime.version" value="1.8.0_292-8u292-b10-0ubuntu1~16.04.1-b10"/>
    <property name="user.name" value="asier"/>
    <property name="path.separator" value=":"/>
    <property name="os.version" value="4.15.0-142-generic"/>
    <property name="java.endorsed.dirs" value="/usr/lib/jvm/java-8-openjdk-i386/jre/lib/endorsed"/>
    <property name="java.runtime.name" value="OpenJDK Runtime Environment"/>
    <property name="file.encoding" value="UTF-8"/>
    <property name="java.vm.name" value="OpenJDK Server VM"/>
    <property name="localRepository" value="/home/asier/.m2/repository"/>
    <property name="java.vendor.url.bug" value="http://bugreport.sun.com/bugreport/"/>
    <property name="java.io.tmpdir" value="/tmp"/>
    <property name="java.version" value="1.8.0_292"/>
    <property name="user.dir" value="/home/asier/Desktop/FINAL/RTT Estático/brokerMQTT/proxy"/>
    <property name="os.arch" value="i386"/>
    <property name="java.vm.specification.name" value="Java Virtual Machine Specification"/>
    <property name="java.awt.printerjob" value="sun.print.PSPrinterJob"/>
    <property name="sun.os.patch.level" value="unknown"/>
    <property name="java.library.path" value="/usr/java/packages/lib/i386:/usr/lib/i386-linux-gnu/jni:/lib/i386-linux-gnu:/usr/lib/i386-linux-gnu:/usr/lib/jni:/lib:/usr/lib"/>
    <property name="java.vm.info" value="mixed mode"/>
    <property name="java.vendor" value="Private Build"/>
    <property name="java.vm.version" value="25.292-b10"/>
    <property name="java.ext.dirs" value="/usr/lib/jvm/java-8-openjdk-i386/jre/lib/ext:/usr/java/packages/lib/ext"/>
    <property name="sun.io.unicode.encoding" value="UnicodeLittle"/>
    <property name="java.class.version" value="52.0"/>
  </properties>
  <testcase name="shouldAnswerWithTrue" classname="com.proyecto.demo.AppTest" time="0.002"/>
</testsuite>